# JRE version: OpenJDK Runtime Environment (8.0_131-b11) (build 1.8.0_131-8u131-b11-0ubuntu1.16.04.2-b11)
# Java VM: OpenJDK 64-Bit Server VM (25.131-b11 mixed mode linux-amd64 compressed oops)
Heap:
 def new generation   total 38400K, used 32799K [0x00000000f0600000, 0x00000000f2fa0000, 0x00000000f5950000)
  eden space 34176K,  95% used [0x00000000f0600000, 0x00000000f2600020, 0x00000000f2760000)
  from space 4224K,   0% used [0x00000000f2b80000, 0x00000000f2b87c60, 0x00000000f2fa0000)
  to   space 4224K,   0% used [0x00000000f2760000, 0x00000000f27601e8, 0x00000000f2b80000)
 tenured generation   total 85120K, used 72456K [0x00000000f5950000, 0x00000000fac70000, 0x0000000100000000)
   the space 85120K,  85% used [0x00000000f5950000, 0x00000000fa012198, 0x00000000fa012200, 0x00000000fac70000)
 Metaspace       used 32036K, capacity 32322K, committed 32896K, reserved 1079296K
  class space    used 3860K, capacity 3941K, committed 3968K, reserved 1048576K
GC Heap History (10 events):
Event: 223.428 GC heap after
Heap after GC invocations=163 (full 6):
 def new generation   total 38400K, used 32K [0x00000000f0600000, 0x00000000f2fa0000, 0x00000000f5950000)
  eden space 34176K,   0% used [0x00000000f0600000, 0x00000000f0600000, 0x00000000f2760000)
  from space 4224K,   0% used [0x00000000f2b80000, 0x00000000f2b882e8, 0x00000000f2fa0000)
  to   space 4224K,   0% used [0x00000000f2760000, 0x00000000f2760000, 0x00000000f2b80000)
 tenured generation   total 85120K, used 72442K [0x00000000f5950000, 0x00000000fac70000, 0x0000000100000000)
   the space 85120K,  85% used [0x00000000f5950000, 0x00000000fa00e868, 0x00000000fa00ea00, 0x00000000fac70000)
 Metaspace       used 32071K, capacity 32434K, committed 32896K, reserved 1079296K
  class space    used 3873K, capacity 3965K, committed 3968K, reserved 1048576K
}
Event: 223.452 GC heap before
{Heap before GC invocations=163 (full 6):
 def new generation   total 38400K, used 32800K [0x00000000f0600000, 0x00000000f2fa0000, 0x00000000f5950000)
  eden space 34176K,  95% used [0x00000000f0600000, 0x00000000f2600020, 0x00000000f2760000)
  from space 4224K,   0% used [0x00000000f2b80000, 0x00000000f2b882e8, 0x00000000f2fa0000)
  to   space 4224K,   0% used [0x00000000f2760000, 0x00000000f2760000, 0x00000000f2b80000)
 tenured generation   total 85120K, used 72442K [0x00000000f5950000, 0x00000000fac70000, 0x0000000100000000)
   the space 85120K,  85% used [0x00000000f5950000, 0x00000000fa00e868, 0x00000000fa00ea00, 0x00000000fac70000)
 Metaspace       used 32071K, capacity 32434K, committed 32896K, reserved 1079296K
  class space    used 3873K, capacity 3965K, committed 3968K, reserved 1048576K
Event: 223.654 GC heap after
Heap after GC invocations=164 (full 7):
 def new generation   total 38400K, used 0K [0x00000000f0600000, 0x00000000f2fa0000, 0x00000000f5950000)
  eden space 34176K,   0% used [0x00000000f0600000, 0x00000000f0600000, 0x00000000f2760000)
  from space 4224K,   0% used [0x00000000f2760000, 0x00000000f2760000, 0x00000000f2b80000)
  to   space 4224K,   0% used [0x00000000f2b80000, 0x00000000f2b80000, 0x00000000f2fa0000)
 tenured generation   total 85120K, used 47880K [0x00000000f5950000, 0x00000000fac70000, 0x0000000100000000)
   the space 85120K,  56% used [0x00000000f5950000, 0x00000000f8812178, 0x00000000f8812200, 0x00000000fac70000)
 Metaspace       used 32001K, capacity 32322K, committed 32896K, reserved 1079296K
  class space    used 3860K, capacity 3941K, committed 3968K, reserved 1048576K
}
Event: 363.457 GC heap before
{Heap before GC invocations=164 (full 7):
 def new generation   total 38400K, used 34176K [0x00000000f0600000, 0x00000000f2fa0000, 0x00000000f5950000)
  eden space 34176K, 100% used [0x00000000f0600000, 0x00000000f2760000, 0x00000000f2760000)
  from space 4224K,   0% used [0x00000000f2760000, 0x00000000f2760000, 0x00000000f2b80000)
  to   space 4224K,   0% used [0x00000000f2b80000, 0x00000000f2b80000, 0x00000000f2fa0000)
 tenured generation   total 85120K, used 47880K [0x00000000f5950000, 0x00000000fac70000, 0x0000000100000000)
   the space 85120K,  56% used [0x00000000f5950000, 0x00000000f8812178, 0x00000000f8812200, 0x00000000fac70000)
 Metaspace       used 32035K, capacity 32322K, committed 32896K, reserved 1079296K
  class space    used 3860K, capacity 3941K, committed 3968K, reserved 1048576K
Event: 363.486 GC heap after
Heap after GC invocations=165 (full 7):
 def new generation   total 38400K, used 28K [0x00000000f0600000, 0x00000000f2fa0000, 0x00000000f5950000)
  eden space 34176K,   0% used [0x00000000f0600000, 0x00000000f0600000, 0x00000000f2760000)
  from space 4224K,   0% used [0x00000000f2b80000, 0x00000000f2b873f0, 0x00000000f2fa0000)
  to   space 4224K,   0% used [0x00000000f2760000, 0x00000000f2760000, 0x00000000f2b80000)
 tenured generation   total 85120K, used 47880K [0x00000000f5950000, 0x00000000fac70000, 0x0000000100000000)
   the space 85120K,  56% used [0x00000000f5950000, 0x00000000f8812178, 0x00000000f8812200, 0x00000000fac70000)
 Metaspace       used 32035K, capacity 32322K, committed 32896K, reserved 1079296K
  class space    used 3860K, capacity 3941K, committed 3968K, reserved 1048576K
}
Event: 377.454 GC heap before
{Heap before GC invocations=165 (full 7):
 def new generation   total 38400K, used 19724K [0x00000000f0600000, 0x00000000f2fa0000, 0x00000000f5950000)
  eden space 34176K,  57% used [0x00000000f0600000, 0x00000000f193bec0, 0x00000000f2760000)
  from space 4224K,   0% used [0x00000000f2b80000, 0x00000000f2b873f0, 0x00000000f2fa0000)
  to   space 4224K,   0% used [0x00000000f2760000, 0x00000000f2760000, 0x00000000f2b80000)
 tenured generation   total 85120K, used 47880K [0x00000000f5950000, 0x00000000fac70000, 0x0000000100000000)
   the space 85120K,  56% used [0x00000000f5950000, 0x00000000f8812178, 0x00000000f8812200, 0x00000000fac70000)
 Metaspace       used 32036K, capacity 32322K, committed 32896K, reserved 1079296K
  class space    used 3860K, capacity 3941K, committed 3968K, reserved 1048576K
Event: 377.487 GC heap after
Heap after GC invocations=166 (full 7):
 def new generation   total 38400K, used 31K [0x00000000f0600000, 0x00000000f2fa0000, 0x00000000f5950000)
  eden space 34176K,   0% used [0x00000000f0600000, 0x00000000f0600000, 0x00000000f2760000)
  from space 4224K,   0% used [0x00000000f2760000, 0x00000000f2767d50, 0x00000000f2b80000)
  to   space 4224K,   0% used [0x00000000f2b80000, 0x00000000f2b80000, 0x00000000f2fa0000)
 tenured generation   total 85120K, used 56072K [0x00000000f5950000, 0x00000000fac70000, 0x0000000100000000)
   the space 85120K,  65% used [0x00000000f5950000, 0x00000000f9012188, 0x00000000f9012200, 0x00000000fac70000)
 Metaspace       used 32036K, capacity 32322K, committed 32896K, reserved 1079296K
  class space    used 3860K, capacity 3941K, committed 3968K, reserved 1048576K
}
Event: 377.525 GC heap before
{Heap before GC invocations=166 (full 7):
 def new generation   total 38400K, used 16415K [0x00000000f0600000, 0x00000000f2fa0000, 0x00000000f5950000)
  eden space 34176K,  47% used [0x00000000f0600000, 0x00000000f1600010, 0x00000000f2760000)
  from space 4224K,   0% used [0x00000000f2760000, 0x00000000f2767d50, 0x00000000f2b80000)
  to   space 4224K,   0% used [0x00000000f2b80000, 0x00000000f2b80000, 0x00000000f2fa0000)
 tenured generation   total 85120K, used 56072K [0x00000000f5950000, 0x00000000fac70000, 0x0000000100000000)
   the space 85120K,  65% used [0x00000000f5950000, 0x00000000f9012188, 0x00000000f9012200, 0x00000000fac70000)
 Metaspace       used 32036K, capacity 32322K, committed 32896K, reserved 1079296K
  class space    used 3860K, capacity 3941K, committed 3968K, reserved 1048576K
Event: 377.565 GC heap after
Heap after GC invocations=167 (full 7):
 def new generation   total 38400K, used 31K [0x00000000f0600000, 0x00000000f2fa0000, 0x00000000f5950000)
  eden space 34176K,   0% used [0x00000000f0600000, 0x00000000f0600000, 0x00000000f2760000)
  from space 4224K,   0% used [0x00000000f2b80000, 0x00000000f2b87c60, 0x00000000f2fa0000)
  to   space 4224K,   0% used [0x00000000f2760000, 0x00000000f2760000, 0x00000000f2b80000)
 tenured generation   total 85120K, used 72456K [0x00000000f5950000, 0x00000000fac70000, 0x0000000100000000)
   the space 85120K,  85% used [0x00000000f5950000, 0x00000000fa012198, 0x00000000fa012200, 0x00000000fac70000)
 Metaspace       used 32036K, capacity 32322K, committed 32896K, reserved 1079296K
  class space    used 3860K, capacity 3941K, committed 3968K, reserved 1048576K
}
Event: 377.640 GC heap before
{Heap before GC invocations=167 (full 7):
 def new generation   total 38400K, used 32799K [0x00000000f0600000, 0x00000000f2fa0000, 0x00000000f5950000)
  eden space 34176K,  95% used [0x00000000f0600000, 0x00000000f2600020, 0x00000000f2760000)
  from space 4224K,   0% used [0x00000000f2b80000, 0x00000000f2b87c60, 0x00000000f2fa0000)
  to   space 4224K,   0% used [0x00000000f2760000, 0x00000000f2760000, 0x00000000f2b80000)
 tenured generation   total 85120K, used 72456K [0x00000000f5950000, 0x00000000fac70000, 0x0000000100000000)
   the space 85120K,  85% used [0x00000000f5950000, 0x00000000fa012198, 0x00000000fa012200, 0x00000000fac70000)
 Metaspace       used 32036K, capacity 32322K, committed 32896K, reserved 1079296K
  class space    used 3860K, capacity 3941K, committed 3968K, reserved 1048576K

